<?xml version="1.0" encoding="UTF-8"?>
<!-- Generated by org.testng.reporters.JUnitReportReporter -->
<testsuite hostname="muweipingdeMacBook-Pro.local" name="com.muwp.sharding.jdbc.SimpleShardJdbcTemplateTest" tests="2" failures="0" timestamp="17 Feb 2019 06:51:36 GMT" time="0.375" errors="0">
  <testcase name="testSimpleSplitJdbcTemplate" time="0.000" classname="com.muwp.sharding.jdbc.SimpleShardJdbcTemplateTest"/>
  <testcase name="testQuery" time="0.375" classname="com.muwp.sharding.jdbc.SimpleShardJdbcTemplateTest"/>
</testsuite>
