<?xml version="1.0" encoding="UTF-8"?>
<!-- Generated by org.testng.reporters.JUnitReportReporter -->
<testsuite hostname="muweipingdeMacBook-Pro.local" name="com.muwp.sharding.jdbc.SimpleSplitJdbcTemplateTest" tests="2" failures="0" timestamp="16 Feb 2019 15:22:14 GMT" time="0.398" errors="0">
  <testcase name="testQuery" time="0.398" classname="com.muwp.sharding.jdbc.SimpleSplitJdbcTemplateTest"/>
  <testcase name="testSimpleSplitJdbcTemplate" time="0.000" classname="com.muwp.sharding.jdbc.SimpleSplitJdbcTemplateTest"/>
</testsuite>
