<?xml version="1.0" encoding="UTF-8"?>
<!-- Generated by org.testng.reporters.JUnitReportReporter -->
<testsuite hostname="muweipingdeMacBook-Pro.local" name="com.muwp.sharding.jdbc.service.SimpleShardJdbcTemplateTest" tests="2" failures="0" timestamp="17 Feb 2019 17:03:29 GMT" time="0.388" errors="0">
  <testcase name="testQuery" time="0.388" classname="com.muwp.sharding.jdbc.service.SimpleShardJdbcTemplateTest"/>
  <testcase name="testSimpleSplitJdbcTemplate" time="0.000" classname="com.muwp.sharding.jdbc.service.SimpleShardJdbcTemplateTest"/>
</testsuite>
