<?xml version="1.0" encoding="UTF-8"?>
<!-- Generated by org.testng.reporters.JUnitReportReporter -->
<testsuite hostname="muweipingdeMBP" name="com.muwp.sharding.jdbc.service.SimpleShardJdbcTemplateTest" tests="2" failures="0" timestamp="18 Feb 2019 02:22:45 GMT" time="0.391" errors="0">
  <testcase name="testQuery" time="0.391" classname="com.muwp.sharding.jdbc.service.SimpleShardJdbcTemplateTest"/>
  <testcase name="testSimpleSplitJdbcTemplate" time="0.000" classname="com.muwp.sharding.jdbc.service.SimpleShardJdbcTemplateTest"/>
</testsuite>
